<?xml version="1.0" encoding="UTF-8"?>
<testng-results ignored="0" total="1" passed="1" failed="0" skipped="0">
  <reporter-output>
  </reporter-output>
  <suite started-at="2022-07-12T16:41:56 CDT" name="Default suite" finished-at="2022-07-12T17:05:45 CDT" duration-ms="1428866">
    <groups>
    </groups>
    <test started-at="2022-07-12T16:41:56 CDT" name="Default test" finished-at="2022-07-12T17:05:45 CDT" duration-ms="1428866">
      <class name="Dash.ReleaseAndSentHome">
        <test-method signature="mainReleaseAndSentHome()[pri:0, instance:Dash.ReleaseAndSentHome@3514a4c0]" started-at="2022-07-12T16:41:56 CDT" name="mainReleaseAndSentHome" finished-at="2022-07-12T17:05:45 CDT" duration-ms="1428830" status="PASS">
          <reporter-output>
          </reporter-output>
        </test-method> <!-- mainReleaseAndSentHome -->
      </class> <!-- Dash.ReleaseAndSentHome -->
    </test> <!-- Default test -->
  </suite> <!-- Default suite -->
</testng-results>
