<?xml version="1.0" encoding="UTF-8"?>
<testng-results ignored="0" total="1" passed="1" failed="0" skipped="0">
  <reporter-output>
  </reporter-output>
  <suite started-at="2022-06-01T16:55:44 CDT" name="Suite" finished-at="2022-06-01T17:01:17 CDT" duration-ms="333345">
    <groups>
    </groups>
    <test started-at="2022-06-01T16:55:44 CDT" name="DashTest" finished-at="2022-06-01T17:01:17 CDT" duration-ms="333345">
      <class name="Dash.ClockOutFromUnassignedPanel">
        <test-method signature="mainClockOutFromUnassignedPanel()[pri:0, instance:Dash.ClockOutFromUnassignedPanel@d29f28]" started-at="2022-06-01T16:55:44 CDT" name="mainClockOutFromUnassignedPanel" finished-at="2022-06-01T17:01:17 CDT" duration-ms="333304" status="PASS">
          <reporter-output>
          </reporter-output>
        </test-method> <!-- mainClockOutFromUnassignedPanel -->
      </class> <!-- Dash.ClockOutFromUnassignedPanel -->
    </test> <!-- DashTest -->
  </suite> <!-- Suite -->
</testng-results>
