<?xml version="1.0" encoding="UTF-8"?>
<testng-results ignored="0" total="1" passed="1" failed="0" skipped="0">
  <reporter-output>
  </reporter-output>
  <suite started-at="2022-07-07T16:53:11 CDT" name="Default suite" finished-at="2022-07-07T16:57:38 CDT" duration-ms="267095">
    <groups>
    </groups>
    <test started-at="2022-07-07T16:53:11 CDT" name="Default test" finished-at="2022-07-07T16:57:38 CDT" duration-ms="267095">
      <class name="Dash.ReleaseMTNLAssignToStation">
        <test-method signature="mainReleaseMTNLAssignToStation()[pri:0, instance:Dash.ReleaseMTNLAssignToStation@3514a4c0]" started-at="2022-07-07T16:53:11 CDT" name="mainReleaseMTNLAssignToStation" finished-at="2022-07-07T16:57:38 CDT" duration-ms="267041" status="PASS">
          <reporter-output>
          </reporter-output>
        </test-method> <!-- mainReleaseMTNLAssignToStation -->
      </class> <!-- Dash.ReleaseMTNLAssignToStation -->
    </test> <!-- Default test -->
  </suite> <!-- Default suite -->
</testng-results>
