<?xml version="1.0" encoding="UTF-8"?>
<testng-results ignored="0" total="1" passed="1" failed="0" skipped="0">
  <reporter-output>
  </reporter-output>
  <suite started-at="2022-03-08T17:54:26 CST" name="Default suite" finished-at="2022-03-08T17:55:25 CST" duration-ms="58396">
    <groups>
    </groups>
    <test started-at="2022-03-08T17:54:26 CST" name="Default test" finished-at="2022-03-08T17:55:25 CST" duration-ms="58396">
      <class name="Digi.OperatorStationHistoryDetailedReport">
        <test-method signature="mainOperatorStationHistoryDetailedReport()[pri:0, instance:Digi.OperatorStationHistoryDetailedReport@d29f28]" started-at="2022-03-08T17:54:26 CST" name="mainOperatorStationHistoryDetailedReport" finished-at="2022-03-08T17:55:25 CST" duration-ms="58347" status="PASS">
          <reporter-output>
          </reporter-output>
        </test-method> <!-- mainOperatorStationHistoryDetailedReport -->
      </class> <!-- Digi.OperatorStationHistoryDetailedReport -->
    </test> <!-- Default test -->
  </suite> <!-- Default suite -->
</testng-results>
