<?xml version="1.0" encoding="UTF-8"?>
<testng-results ignored="0" total="1" passed="1" failed="0" skipped="0">
  <reporter-output>
  </reporter-output>
  <suite started-at="2022-07-14T16:02:28 CDT" name="Default suite" finished-at="2022-07-14T16:05:04 CDT" duration-ms="155801">
    <groups>
    </groups>
    <test started-at="2022-07-14T16:02:28 CDT" name="Default test" finished-at="2022-07-14T16:05:04 CDT" duration-ms="155801">
      <class name="Dash.ClockOutFromUnassignedPanel">
        <test-method signature="mainClockOutFromUnassignedPanel()[pri:0, instance:Dash.ClockOutFromUnassignedPanel@3514a4c0]" started-at="2022-07-14T16:02:28 CDT" name="mainClockOutFromUnassignedPanel" finished-at="2022-07-14T16:05:04 CDT" duration-ms="155750" status="PASS">
          <reporter-output>
          </reporter-output>
        </test-method> <!-- mainClockOutFromUnassignedPanel -->
      </class> <!-- Dash.ClockOutFromUnassignedPanel -->
    </test> <!-- Default test -->
  </suite> <!-- Default suite -->
</testng-results>
