<?xml version="1.0" encoding="UTF-8"?>
<testng-results ignored="0" total="1" passed="1" failed="0" skipped="0">
  <reporter-output>
  </reporter-output>
  <suite started-at="2022-06-06T16:47:10 CDT" name="Default suite" finished-at="2022-06-06T16:52:44 CDT" duration-ms="334484">
    <groups>
    </groups>
    <test started-at="2022-06-06T16:47:10 CDT" name="Default test" finished-at="2022-06-06T16:52:44 CDT" duration-ms="334484">
      <class name="Dash.ClockOutFromUnassignedPanel">
        <test-method signature="mainClockOutFromUnassignedPanel()[pri:0, instance:Dash.ClockOutFromUnassignedPanel@d29f28]" started-at="2022-06-06T16:47:10 CDT" name="mainClockOutFromUnassignedPanel" finished-at="2022-06-06T16:52:44 CDT" duration-ms="334448" status="PASS">
          <reporter-output>
          </reporter-output>
        </test-method> <!-- mainClockOutFromUnassignedPanel -->
      </class> <!-- Dash.ClockOutFromUnassignedPanel -->
    </test> <!-- Default test -->
  </suite> <!-- Default suite -->
</testng-results>
