<?xml version="1.0" encoding="UTF-8"?>
<testng-results ignored="0" total="1" passed="1" failed="0" skipped="0">
  <reporter-output>
  </reporter-output>
  <suite started-at="2022-08-02T16:00:55 CDT" name="Suite" finished-at="2022-08-02T16:03:21 CDT" duration-ms="146653">
    <groups>
    </groups>
    <test started-at="2022-08-02T16:00:55 CDT" name="DashTest" finished-at="2022-08-02T16:03:21 CDT" duration-ms="146653">
      <class name="DPManage.ShiftCatalog">
        <test-method signature="mainShiftCatalog()[pri:0, instance:DPManage.ShiftCatalog@d29f28]" started-at="2022-08-02T16:00:55 CDT" name="mainShiftCatalog" finished-at="2022-08-02T16:03:21 CDT" duration-ms="146613" status="PASS">
          <reporter-output>
          </reporter-output>
        </test-method> <!-- mainShiftCatalog -->
      </class> <!-- DPManage.ShiftCatalog -->
    </test> <!-- DashTest -->
  </suite> <!-- Suite -->
</testng-results>
