<?xml version="1.0" encoding="UTF-8"?>
<testng-results ignored="0" total="1" passed="1" failed="0" skipped="0">
  <reporter-output>
  </reporter-output>
  <suite started-at="2022-07-13T17:17:55 CDT" name="Default suite" finished-at="2022-07-13T17:23:15 CDT" duration-ms="320528">
    <groups>
    </groups>
    <test started-at="2022-07-13T17:17:55 CDT" name="Default test" finished-at="2022-07-13T17:23:15 CDT" duration-ms="320528">
      <class name="Dash.ClockinAMSLineOperators">
        <test-method signature="mainClockinAMSLineOperators()[pri:0, instance:Dash.ClockinAMSLineOperators@793be5ca]" started-at="2022-07-13T17:17:55 CDT" name="mainClockinAMSLineOperators" finished-at="2022-07-13T17:23:15 CDT" duration-ms="320451" status="PASS">
          <reporter-output>
          </reporter-output>
        </test-method> <!-- mainClockinAMSLineOperators -->
      </class> <!-- Dash.ClockinAMSLineOperators -->
    </test> <!-- Default test -->
  </suite> <!-- Default suite -->
</testng-results>
