<?xml version="1.0" encoding="UTF-8"?>
<testng-results ignored="0" total="1" passed="1" failed="0" skipped="0">
  <reporter-output>
  </reporter-output>
  <suite started-at="2022-06-08T17:40:02 CDT" name="Default suite" finished-at="2022-06-08T17:46:18 CDT" duration-ms="376333">
    <groups>
    </groups>
    <test started-at="2022-06-08T17:40:02 CDT" name="Default test" finished-at="2022-06-08T17:46:18 CDT" duration-ms="376333">
      <class name="Dash.clockInAssignToHistoricalStation">
        <test-method signature="mainClockInAssignToHistoricalStation()[pri:0, instance:Dash.clockInAssignToHistoricalStation@d29f28]" started-at="2022-06-08T17:40:02 CDT" name="mainClockInAssignToHistoricalStation" finished-at="2022-06-08T17:46:18 CDT" duration-ms="376290" status="PASS">
          <reporter-output>
          </reporter-output>
        </test-method> <!-- mainClockInAssignToHistoricalStation -->
      </class> <!-- Dash.clockInAssignToHistoricalStation -->
    </test> <!-- Default test -->
  </suite> <!-- Default suite -->
</testng-results>
