<?xml version="1.0" encoding="UTF-8"?>
<testng-results ignored="0" total="1" passed="1" failed="0" skipped="0">
  <reporter-output>
  </reporter-output>
  <suite started-at="2022-07-18T15:17:56 CDT" name="Default suite" finished-at="2022-07-18T15:20:08 CDT" duration-ms="132774">
    <groups>
    </groups>
    <test started-at="2022-07-18T15:17:56 CDT" name="Default test" finished-at="2022-07-18T15:20:08 CDT" duration-ms="132774">
      <class name="Dash.ReserveOperatorAndRemoveRes">
        <test-method signature="mainReserveOperatorAndRemoveRes()[pri:0, instance:Dash.ReserveOperatorAndRemoveRes@3514a4c0]" started-at="2022-07-18T15:17:56 CDT" name="mainReserveOperatorAndRemoveRes" finished-at="2022-07-18T15:20:08 CDT" duration-ms="132725" status="PASS">
          <reporter-output>
          </reporter-output>
        </test-method> <!-- mainReserveOperatorAndRemoveRes -->
      </class> <!-- Dash.ReserveOperatorAndRemoveRes -->
    </test> <!-- Default test -->
  </suite> <!-- Default suite -->
</testng-results>
