<?xml version="1.0" encoding="UTF-8"?>
<testng-results ignored="0" total="1" passed="1" failed="0" skipped="0">
  <reporter-output>
  </reporter-output>
  <suite started-at="2022-08-08T16:20:39 CDT" name="Suite" finished-at="2022-08-08T16:21:59 CDT" duration-ms="80546">
    <groups>
    </groups>
    <test started-at="2022-08-08T16:20:39 CDT" name="DashTest" finished-at="2022-08-08T16:21:59 CDT" duration-ms="80546">
      <class name="DPManage.PSIWeight">
        <test-method signature="mainPSIWeight()[pri:0, instance:DPManage.PSIWeight@d29f28]" started-at="2022-08-08T16:20:39 CDT" name="mainPSIWeight" finished-at="2022-08-08T16:21:59 CDT" duration-ms="80500" status="PASS">
          <reporter-output>
          </reporter-output>
        </test-method> <!-- mainPSIWeight -->
      </class> <!-- DPManage.PSIWeight -->
    </test> <!-- DashTest -->
  </suite> <!-- Suite -->
</testng-results>
