<?xml version="1.0" encoding="UTF-8"?>
<testng-results ignored="0" total="1" passed="1" failed="0" skipped="0">
  <reporter-output>
  </reporter-output>
  <suite started-at="2022-07-25T16:50:29 CDT" name="Default suite" finished-at="2022-07-25T16:51:16 CDT" duration-ms="47264">
    <groups>
    </groups>
    <test started-at="2022-07-25T16:50:29 CDT" name="Default test" finished-at="2022-07-25T16:51:16 CDT" duration-ms="47264">
      <class name="Dash.UserInterfaceHelp">
        <test-method signature="mainUserInterfaceHelp()[pri:0, instance:Dash.UserInterfaceHelp@d29f28]" started-at="2022-07-25T16:50:29 CDT" name="mainUserInterfaceHelp" finished-at="2022-07-25T16:51:16 CDT" duration-ms="47218" status="PASS">
          <reporter-output>
          </reporter-output>
        </test-method> <!-- mainUserInterfaceHelp -->
      </class> <!-- Dash.UserInterfaceHelp -->
    </test> <!-- Default test -->
  </suite> <!-- Default suite -->
</testng-results>
