<?xml version="1.0" encoding="UTF-8"?>
<testng-results ignored="0" total="1" passed="1" failed="0" skipped="0">
  <reporter-output>
  </reporter-output>
  <suite started-at="2022-06-15T16:35:41 CDT" name="Default suite" finished-at="2022-06-15T16:38:57 CDT" duration-ms="195688">
    <groups>
    </groups>
    <test started-at="2022-06-15T16:35:41 CDT" name="Default test" finished-at="2022-06-15T16:38:57 CDT" duration-ms="195688">
      <class name="Dash.clockInToDashboardReservedStation">
        <test-method signature="mainClockInToDashboardReservedStation()[pri:0, instance:Dash.clockInToDashboardReservedStation@3514a4c0]" started-at="2022-06-15T16:35:41 CDT" name="mainClockInToDashboardReservedStation" finished-at="2022-06-15T16:38:57 CDT" duration-ms="195639" status="PASS">
          <reporter-output>
          </reporter-output>
        </test-method> <!-- mainClockInToDashboardReservedStation -->
      </class> <!-- Dash.clockInToDashboardReservedStation -->
    </test> <!-- Default test -->
  </suite> <!-- Default suite -->
</testng-results>
