<?xml version="1.0" encoding="UTF-8"?>
<!-- Generated by org.testng.reporters.JUnitXMLReporter -->
<testsuite ignored="0" hostname="GMC16381" failures="2" tests="10" name="DashTest" time="2972.538" errors="0" timestamp="2022-08-16T17:39:47 CDT">
  <testcase classname="Dash.ClockinAMSLineOperators" name="mainClockinAMSLineOperators" time="411.326"/>
  <testcase classname="Dash.ReleaseMTNLAssignToStation" name="mainReleaseMTNLAssignToStation" time="150.712">
    <failure type="org.openqa.selenium.NoSuchElementException" message="no such element: Unable to locate element: {&amp;quot;method&amp;quot;:&amp;quot;xpath&amp;quot;,&amp;quot;selector&amp;quot;:&amp;quot;./div[2]/div[5]/div[1]&amp;quot;}
  (Session info: chrome=103.0.5060.114)
For documentation on this error, please visit: https://selenium.dev/exceptions/#no_such_element
Build info: version: &amp;apos;4.0.0&amp;apos;, revision: &amp;apos;3a21814679&amp;apos;
System info: host: &amp;apos;GMC16381&amp;apos;, ip: &amp;apos;10.168.226.61&amp;apos;, os.name: &amp;apos;Windows 10&amp;apos;, os.arch: &amp;apos;amd64&amp;apos;, os.version: &amp;apos;10.0&amp;apos;, java.version: &amp;apos;16.0.1&amp;apos;
Driver info: org.openqa.selenium.chrome.ChromeDriver
Command: [d8ecd195335f3307e9ba3d0d1a8b9e52, findChildElement {id=f91a596b-6ae9-4112-b832-88329d3483b8, using=xpath, value=./div[2]/div[5]/div[1]}]
Capabilities {acceptInsecureCerts: false, browserName: chrome, browserVersion: 103.0.5060.114, chrome: {chromedriverVersion: 103.0.5060.53 (a1711811edd7..., userDataDir: C:\Users\cuiyx\AppData\Loca...}, goog:chromeOptions: {debuggerAddress: localhost:61293}, javascriptEnabled: true, networkConnectionEnabled: false, pageLoadStrategy: normal, platform: WINDOWS, platformName: WINDOWS, proxy: Proxy(), se:cdp: ws://localhost:61293/devtoo..., se:cdpVersion: 103.0.5060.114, setWindowRect: true, strictFileInteractability: false, timeouts: {implicit: 0, pageLoad: 300000, script: 30000}, unhandledPromptBehavior: dismiss and notify, webauthn:extension:credBlob: true, webauthn:extension:largeBlob: true, webauthn:virtualAuthenticators: true}
Session ID: d8ecd195335f3307e9ba3d0d1a8b9e52">
      <![CDATA[org.openqa.selenium.NoSuchElementException: no such element: Unable to locate element: {"method":"xpath","selector":"./div[2]/div[5]/div[1]"}
  (Session info: chrome=103.0.5060.114)
For documentation on this error, please visit: https://selenium.dev/exceptions/#no_such_element
Build info: version: '4.0.0', revision: '3a21814679'
System info: host: 'GMC16381', ip: '10.168.226.61', os.name: 'Windows 10', os.arch: 'amd64', os.version: '10.0', java.version: '16.0.1'
Driver info: org.openqa.selenium.chrome.ChromeDriver
Command: [d8ecd195335f3307e9ba3d0d1a8b9e52, findChildElement {id=f91a596b-6ae9-4112-b832-88329d3483b8, using=xpath, value=./div[2]/div[5]/div[1]}]
Capabilities {acceptInsecureCerts: false, browserName: chrome, browserVersion: 103.0.5060.114, chrome: {chromedriverVersion: 103.0.5060.53 (a1711811edd7..., userDataDir: C:\Users\cuiyx\AppData\Loca...}, goog:chromeOptions: {debuggerAddress: localhost:61293}, javascriptEnabled: true, networkConnectionEnabled: false, pageLoadStrategy: normal, platform: WINDOWS, platformName: WINDOWS, proxy: Proxy(), se:cdp: ws://localhost:61293/devtoo..., se:cdpVersion: 103.0.5060.114, setWindowRect: true, strictFileInteractability: false, timeouts: {implicit: 0, pageLoad: 300000, script: 30000}, unhandledPromptBehavior: dismiss and notify, webauthn:extension:credBlob: true, webauthn:extension:largeBlob: true, webauthn:virtualAuthenticators: true}
Session ID: d8ecd195335f3307e9ba3d0d1a8b9e52
at org.openqa.selenium.remote.codec.w3c.W3CHttpResponseCodec.createException(W3CHttpResponseCodec.java:200)
at org.openqa.selenium.remote.codec.w3c.W3CHttpResponseCodec.decode(W3CHttpResponseCodec.java:133)
at org.openqa.selenium.remote.codec.w3c.W3CHttpResponseCodec.decode(W3CHttpResponseCodec.java:53)
at org.openqa.selenium.remote.HttpCommandExecutor.execute(HttpCommandExecutor.java:184)
at org.openqa.selenium.remote.service.DriverCommandExecutor.invokeExecute(DriverCommandExecutor.java:164)
at org.openqa.selenium.remote.service.DriverCommandExecutor.execute(DriverCommandExecutor.java:139)
at org.openqa.selenium.remote.RemoteWebDriver.execute(RemoteWebDriver.java:559)
at org.openqa.selenium.remote.ElementLocation$ElementFinder$2.findElement(ElementLocation.java:162)
at org.openqa.selenium.remote.ElementLocation.findElement(ElementLocation.java:60)
at org.openqa.selenium.remote.RemoteWebDriver.findElement(RemoteWebDriver.java:383)
at org.openqa.selenium.remote.RemoteWebElement.findElement(RemoteWebElement.java:221)
at Dash.ReleaseMTNLAssignToStation.mainReleaseMTNLAssignToStation(ReleaseMTNLAssignToStation.java:193)
at java.base/java.util.ArrayList.forEach(ArrayList.java:1511)
... Removed 32 stack frames]]>
    </failure>
  </testcase> <!-- mainReleaseMTNLAssignToStation -->
  <testcase classname="Dash.DragAndDrop" name="mainDragAndDrop" time="534.76"/>
  <testcase classname="Dash.checkDuplication" name="mainCheckDuplication" time="35.683"/>
  <testcase classname="Dash.ReserveOperatorAndRemoveRes" name="mainReserveOperatorAndRemoveRes" time="84.352">
    <failure type="java.lang.AssertionError" message="expected [true] but found [false]">
      <![CDATA[java.lang.AssertionError: expected [true] but found [false]
at Dash.ReserveOperatorAndRemoveRes.dragFromUnassignedToStation(ReserveOperatorAndRemoveRes.java:192)
at Dash.ReserveOperatorAndRemoveRes.mainReserveOperatorAndRemoveRes(ReserveOperatorAndRemoveRes.java:99)
at java.base/java.util.ArrayList.forEach(ArrayList.java:1511)
... Removed 31 stack frames]]>
    </failure>
  </testcase> <!-- mainReserveOperatorAndRemoveRes -->
  <testcase classname="Dash.search" name="mainSearch" time="45.295"/>
  <testcase classname="Dash.UserInterfaceHelp" name="mainUserInterfaceHelp" time="43.388"/>
  <testcase classname="Dash.ClockOutFromDashaboardStation" name="mainClockOutFromDashaboardStation" time="110.503"/>
  <testcase classname="Dash.ClockOutFromUnassignedPanel" name="mainClockOutFromUnassignedPanel" time="130.554"/>
  <testcase classname="Dash.ReleaseAndSentHome" name="mainReleaseAndSentHome" time="1425.909"/>
</testsuite> <!-- DashTest -->
