<?xml version="1.0" encoding="UTF-8"?>
<!-- Generated by org.testng.reporters.JUnitXMLReporter -->
<testsuite ignored="0" hostname="GMC16381" failures="0" tests="11" name="DashTest" time="3486.973" errors="0" timestamp="2022-07-20T14:40:37 CDT">
  <testcase classname="Dash.clockInToDashboardReservedStation" name="mainClockInToDashboardReservedStation" time="140.848"/>
  <testcase classname="Dash.clockInAssignToHistoricalStation" name="mainClockInAssignToHistoricalStation" time="170.907"/>
  <testcase classname="Dash.ClockinAMSLineOperators" name="mainClockinAMSLineOperators" time="537.525"/>
  <testcase classname="Dash.ReleaseMTNLAssignToStation" name="mainReleaseMTNLAssignToStation" time="286.518"/>
  <testcase classname="Dash.DragAndDrop" name="mainDragAndDrop" time="506.953"/>
  <testcase classname="Dash.checkDuplication" name="mainCheckDuplication" time="39.516"/>
  <testcase classname="Dash.ReserveOperatorAndRemoveRes" name="mainReserveOperatorAndRemoveRes" time="129.346"/>
  <testcase classname="Dash.search" name="mainSearch" time="44.856"/>
  <testcase classname="Dash.ClockOutFromDashaboardStation" name="mainClockOutFromDashaboardStation" time="89.931"/>
  <testcase classname="Dash.ClockOutFromUnassignedPanel" name="mainClockOutFromUnassignedPanel" time="112.513"/>
  <testcase classname="Dash.ReleaseAndSentHome" name="mainReleaseAndSentHome" time="1427.973"/>
</testsuite> <!-- DashTest -->
