<?xml version="1.0" encoding="UTF-8"?>
<!-- Generated by org.testng.reporters.JUnitXMLReporter -->
<testsuite ignored="0" hostname="GMC16381" failures="1" tests="12" name="DashTest" time="3418.739" errors="0" timestamp="2022-08-01T13:59:25 CDT">
  <testcase classname="Dash.clockInToDashboardReservedStation" name="mainClockInToDashboardReservedStation" time="142.057"/>
  <testcase classname="Dash.clockInAssignToHistoricalStation" name="mainClockInAssignToHistoricalStation" time="173.675"/>
  <testcase classname="Dash.ClockinAMSLineOperators" name="mainClockinAMSLineOperators" time="429.108"/>
  <testcase classname="Dash.ReleaseMTNLAssignToStation" name="mainReleaseMTNLAssignToStation" time="286.478"/>
  <testcase classname="Dash.DragAndDrop" name="mainDragAndDrop" time="507.04"/>
  <testcase classname="Dash.checkDuplication" name="mainCheckDuplication" time="37.06"/>
  <testcase classname="Dash.ReserveOperatorAndRemoveRes" name="mainReserveOperatorAndRemoveRes" time="106.238">
    <failure type="org.openqa.selenium.ElementClickInterceptedException" message="element click intercepted: Element &amp;lt;span class=&amp;quot;dx-button-text&amp;quot;&amp;gt;...&amp;lt;/span&amp;gt; is not clickable at point (713, 407). Other element would receive the click: &amp;lt;div class=&amp;quot;dx-overlay-content dx-toast-error dx-toast-content dx-resizable&amp;quot; style=&amp;quot;width: 1228.8px; height: auto; z-index: 1503; margin: 0px; left: 0px; top: 0px; transform: translate(154px, 301px); transition: none 0s ease 0s; visibility: visible; opacity: 1;&amp;quot;&amp;gt;...&amp;lt;/div&amp;gt;
  (Session info: chrome=103.0.5060.114)
Build info: version: &amp;apos;4.0.0&amp;apos;, revision: &amp;apos;3a21814679&amp;apos;
System info: host: &amp;apos;GMC16381&amp;apos;, ip: &amp;apos;10.168.232.144&amp;apos;, os.name: &amp;apos;Windows 10&amp;apos;, os.arch: &amp;apos;amd64&amp;apos;, os.version: &amp;apos;10.0&amp;apos;, java.version: &amp;apos;16.0.1&amp;apos;
Driver info: org.openqa.selenium.chrome.ChromeDriver
Command: [c894c173e82a30517e1f12e7f1e624f4, clickElement {id=edd0761c-2497-486e-b6ce-0d6574bc0baf}]
Capabilities {acceptInsecureCerts: false, browserName: chrome, browserVersion: 103.0.5060.114, chrome: {chromedriverVersion: 103.0.5060.53 (a1711811edd7..., userDataDir: C:\Users\cuiyx\AppData\Loca...}, goog:chromeOptions: {debuggerAddress: localhost:61452}, javascriptEnabled: true, networkConnectionEnabled: false, pageLoadStrategy: normal, platform: WINDOWS, platformName: WINDOWS, proxy: Proxy(), se:cdp: ws://localhost:61452/devtoo..., se:cdpVersion: 103.0.5060.114, setWindowRect: true, strictFileInteractability: false, timeouts: {implicit: 0, pageLoad: 300000, script: 30000}, unhandledPromptBehavior: dismiss and notify, webauthn:extension:credBlob: true, webauthn:extension:largeBlob: true, webauthn:virtualAuthenticators: true}
Element: [[ChromeDriver: chrome on WINDOWS (c894c173e82a30517e1f12e7f1e624f4)] -&amp;gt; xpath: //span[contains(text(),&amp;apos;Yes&amp;apos;)]]
Session ID: c894c173e82a30517e1f12e7f1e624f4">
      <![CDATA[org.openqa.selenium.ElementClickInterceptedException: element click intercepted: Element <span class="dx-button-text">...</span> is not clickable at point (713, 407). Other element would receive the click: <div class="dx-overlay-content dx-toast-error dx-toast-content dx-resizable" style="width: 1228.8px; height: auto; z-index: 1503; margin: 0px; left: 0px; top: 0px; transform: translate(154px, 301px); transition: none 0s ease 0s; visibility: visible; opacity: 1;">...</div>
  (Session info: chrome=103.0.5060.114)
Build info: version: '4.0.0', revision: '3a21814679'
System info: host: 'GMC16381', ip: '10.168.232.144', os.name: 'Windows 10', os.arch: 'amd64', os.version: '10.0', java.version: '16.0.1'
Driver info: org.openqa.selenium.chrome.ChromeDriver
Command: [c894c173e82a30517e1f12e7f1e624f4, clickElement {id=edd0761c-2497-486e-b6ce-0d6574bc0baf}]
Capabilities {acceptInsecureCerts: false, browserName: chrome, browserVersion: 103.0.5060.114, chrome: {chromedriverVersion: 103.0.5060.53 (a1711811edd7..., userDataDir: C:\Users\cuiyx\AppData\Loca...}, goog:chromeOptions: {debuggerAddress: localhost:61452}, javascriptEnabled: true, networkConnectionEnabled: false, pageLoadStrategy: normal, platform: WINDOWS, platformName: WINDOWS, proxy: Proxy(), se:cdp: ws://localhost:61452/devtoo..., se:cdpVersion: 103.0.5060.114, setWindowRect: true, strictFileInteractability: false, timeouts: {implicit: 0, pageLoad: 300000, script: 30000}, unhandledPromptBehavior: dismiss and notify, webauthn:extension:credBlob: true, webauthn:extension:largeBlob: true, webauthn:virtualAuthenticators: true}
Element: [[ChromeDriver: chrome on WINDOWS (c894c173e82a30517e1f12e7f1e624f4)] -> xpath: //span[contains(text(),'Yes')]]
Session ID: c894c173e82a30517e1f12e7f1e624f4
at org.openqa.selenium.remote.codec.w3c.W3CHttpResponseCodec.createException(W3CHttpResponseCodec.java:200)
at org.openqa.selenium.remote.codec.w3c.W3CHttpResponseCodec.decode(W3CHttpResponseCodec.java:133)
at org.openqa.selenium.remote.codec.w3c.W3CHttpResponseCodec.decode(W3CHttpResponseCodec.java:53)
at org.openqa.selenium.remote.HttpCommandExecutor.execute(HttpCommandExecutor.java:184)
at org.openqa.selenium.remote.service.DriverCommandExecutor.invokeExecute(DriverCommandExecutor.java:164)
at org.openqa.selenium.remote.service.DriverCommandExecutor.execute(DriverCommandExecutor.java:139)
at org.openqa.selenium.remote.RemoteWebDriver.execute(RemoteWebDriver.java:559)
at org.openqa.selenium.remote.RemoteWebElement.execute(RemoteWebElement.java:251)
at org.openqa.selenium.remote.RemoteWebElement.click(RemoteWebElement.java:77)
at Dash.ReserveOperatorAndRemoveRes.mainReserveOperatorAndRemoveRes(ReserveOperatorAndRemoveRes.java:108)
at java.base/java.util.ArrayList.forEach(ArrayList.java:1511)
... Removed 32 stack frames]]>
    </failure>
  </testcase> <!-- mainReserveOperatorAndRemoveRes -->
  <testcase classname="Dash.search" name="mainSearch" time="45.777"/>
  <testcase classname="Dash.UserInterfaceHelp" name="mainUserInterfaceHelp" time="44.169"/>
  <testcase classname="Dash.ClockOutFromDashaboardStation" name="mainClockOutFromDashaboardStation" time="110.68"/>
  <testcase classname="Dash.ClockOutFromUnassignedPanel" name="mainClockOutFromUnassignedPanel" time="130.348"/>
  <testcase classname="Dash.ReleaseAndSentHome" name="mainReleaseAndSentHome" time="1406.048"/>
</testsuite> <!-- DashTest -->
