<?xml version="1.0" encoding="UTF-8"?>
<!-- Generated by org.testng.reporters.JUnitXMLReporter -->
<testsuite ignored="0" hostname="GMC16381" failures="1" tests="9" name="DashTest" time="4621.893" errors="0" timestamp="2022-06-08T14:23:25 CDT">
  <testcase classname="Dash.clockInToDashboardReservedStation" name="mainClockInToDashboardReservedStation" time="336.674"/>
  <testcase classname="Dash.clockInAssignToHistoricalStation" name="mainClockInAssignToHistoricalStation" time="479.709">
    <failure type="com.microsoft.sqlserver.jdbc.SQLServerException" message="The result set has no current row.">
      <![CDATA[com.microsoft.sqlserver.jdbc.SQLServerException: The result set has no current row.
at com.microsoft.sqlserver.jdbc.SQLServerException.makeFromDriverError(SQLServerException.java:237)
at com.microsoft.sqlserver.jdbc.SQLServerResultSet.verifyResultSetHasCurrentRow(SQLServerResultSet.java:567)
at com.microsoft.sqlserver.jdbc.SQLServerResultSet.getterGetColumn(SQLServerResultSet.java:2050)
at com.microsoft.sqlserver.jdbc.SQLServerResultSet.getValue(SQLServerResultSet.java:2081)
at com.microsoft.sqlserver.jdbc.SQLServerResultSet.getValue(SQLServerResultSet.java:2067)
at com.microsoft.sqlserver.jdbc.SQLServerResultSet.getString(SQLServerResultSet.java:2552)
at Dash.clockInAssignToHistoricalStation.mainClockInAssignToHistoricalStation(clockInAssignToHistoricalStation.java:197)
at java.base/java.util.ArrayList.forEach(ArrayList.java:1511)
... Removed 27 stack frames]]>
    </failure>
  </testcase> <!-- mainClockInAssignToHistoricalStation -->
  <testcase classname="Dash.ClockinAMSLineOperators" name="mainClockinAMSLineOperators" time="394.584"/>
  <testcase classname="Dash.ReleaseMTNLAssignToStation" name="mainReleaseMTNLAssignToStation" time="747.971"/>
  <testcase classname="Dash.DragAndDrop" name="mainDragAndDrop" time="418.125"/>
  <testcase classname="Dash.checkDuplication" name="mainCheckDuplication" time="47.836"/>
  <testcase classname="Dash.ClockOutFromDashaboardStation" name="mainClockOutFromDashaboardStation" time="334.467"/>
  <testcase classname="Dash.ClockOutFromUnassignedPanel" name="mainClockOutFromUnassignedPanel" time="336.034"/>
  <testcase classname="Dash.ReleaseAndSentHome" name="mainReleaseAndSentHome" time="1526.41"/>
</testsuite> <!-- DashTest -->
