<?xml version="1.0" encoding="UTF-8"?>
<!-- Generated by org.testng.reporters.JUnitXMLReporter -->
<testsuite ignored="0" hostname="GMC16381" failures="1" tests="1" name="DashTest" time="425.271" errors="0" timestamp="2022-06-02T16:48:47 CDT">
  <testcase classname="Dash.ReleaseMTNLAssignToStation" name="mainReleaseMTNLAssignToStation" time="425.217">
    <failure type="java.lang.AssertionError" message="expected [true] but found [false]">
      <![CDATA[java.lang.AssertionError: expected [true] but found [false]
at Dash.ReleaseMTNLAssignToStation.mainReleaseMTNLAssignToStation(ReleaseMTNLAssignToStation.java:278)
at java.base/java.util.ArrayList.forEach(ArrayList.java:1511)
... Removed 31 stack frames]]>
    </failure>
  </testcase> <!-- mainReleaseMTNLAssignToStation -->
</testsuite> <!-- DashTest -->
