<?xml version="1.0" encoding="UTF-8"?>
<!-- Generated by org.testng.reporters.JUnitXMLReporter -->
<testsuite ignored="0" hostname="GMC16381" failures="1" tests="1" name="DashTest" time="116.165" errors="0" timestamp="2022-08-04T14:11:03 CDT">
  <testcase classname="DPManage.ShiftCatalog" name="mainShiftCatalog" time="116.125">
    <failure type="org.openqa.selenium.ElementClickInterceptedException" message="element click intercepted: Element &amp;lt;span class=&amp;quot;dx-checkbox-icon&amp;quot;&amp;gt;&amp;lt;/span&amp;gt; is not clickable at point (320, 149). Other element would receive the click: &amp;lt;div class=&amp;quot;dx-overlay-wrapper dx-loadpanel-wrapper dx-overlay-modal dx-overlay-shader&amp;quot; data-bind=&amp;quot;dxControlsDescendantBindings: true&amp;quot; style=&amp;quot;background-color: rgba(0, 0, 0, 0.4); z-index: 1501; position: fixed; left: 0px; top: 0px; transform: translate(0px, 0px); transition: all 0s ease 0s; overflow: visible;&amp;quot;&amp;gt;...&amp;lt;/div&amp;gt;
  (Session info: chrome=103.0.5060.114)
Build info: version: &amp;apos;4.0.0&amp;apos;, revision: &amp;apos;3a21814679&amp;apos;
System info: host: &amp;apos;GMC16381&amp;apos;, ip: &amp;apos;10.168.235.112&amp;apos;, os.name: &amp;apos;Windows 10&amp;apos;, os.arch: &amp;apos;amd64&amp;apos;, os.version: &amp;apos;10.0&amp;apos;, java.version: &amp;apos;16.0.1&amp;apos;
Driver info: org.openqa.selenium.chrome.ChromeDriver
Command: [0bc37fe2828d5ba09c097d2a32f2c67f, clickElement {id=f51fe225-892d-4b61-b428-4444a4c96fda}]
Capabilities {acceptInsecureCerts: false, browserName: chrome, browserVersion: 103.0.5060.114, chrome: {chromedriverVersion: 103.0.5060.53 (a1711811edd7..., userDataDir: C:\Users\cuiyx\AppData\Loca...}, goog:chromeOptions: {debuggerAddress: localhost:65117}, javascriptEnabled: true, networkConnectionEnabled: false, pageLoadStrategy: normal, platform: WINDOWS, platformName: WINDOWS, proxy: Proxy(), se:cdp: ws://localhost:65117/devtoo..., se:cdpVersion: 103.0.5060.114, setWindowRect: true, strictFileInteractability: false, timeouts: {implicit: 0, pageLoad: 300000, script: 30000}, unhandledPromptBehavior: dismiss and notify, webauthn:extension:credBlob: true, webauthn:extension:largeBlob: true, webauthn:virtualAuthenticators: true}
Element: [[[[[[ChromeDriver: chrome on WINDOWS (0bc37fe2828d5ba09c097d2a32f2c67f)] -&amp;gt; xpath: //*[text()=&amp;apos;In Use?&amp;apos;]]] -&amp;gt; xpath: ./..]] -&amp;gt; xpath: ./div[2]/div[1]/div[1]/span[1]]
Session ID: 0bc37fe2828d5ba09c097d2a32f2c67f">
      <![CDATA[org.openqa.selenium.ElementClickInterceptedException: element click intercepted: Element <span class="dx-checkbox-icon"></span> is not clickable at point (320, 149). Other element would receive the click: <div class="dx-overlay-wrapper dx-loadpanel-wrapper dx-overlay-modal dx-overlay-shader" data-bind="dxControlsDescendantBindings: true" style="background-color: rgba(0, 0, 0, 0.4); z-index: 1501; position: fixed; left: 0px; top: 0px; transform: translate(0px, 0px); transition: all 0s ease 0s; overflow: visible;">...</div>
  (Session info: chrome=103.0.5060.114)
Build info: version: '4.0.0', revision: '3a21814679'
System info: host: 'GMC16381', ip: '10.168.235.112', os.name: 'Windows 10', os.arch: 'amd64', os.version: '10.0', java.version: '16.0.1'
Driver info: org.openqa.selenium.chrome.ChromeDriver
Command: [0bc37fe2828d5ba09c097d2a32f2c67f, clickElement {id=f51fe225-892d-4b61-b428-4444a4c96fda}]
Capabilities {acceptInsecureCerts: false, browserName: chrome, browserVersion: 103.0.5060.114, chrome: {chromedriverVersion: 103.0.5060.53 (a1711811edd7..., userDataDir: C:\Users\cuiyx\AppData\Loca...}, goog:chromeOptions: {debuggerAddress: localhost:65117}, javascriptEnabled: true, networkConnectionEnabled: false, pageLoadStrategy: normal, platform: WINDOWS, platformName: WINDOWS, proxy: Proxy(), se:cdp: ws://localhost:65117/devtoo..., se:cdpVersion: 103.0.5060.114, setWindowRect: true, strictFileInteractability: false, timeouts: {implicit: 0, pageLoad: 300000, script: 30000}, unhandledPromptBehavior: dismiss and notify, webauthn:extension:credBlob: true, webauthn:extension:largeBlob: true, webauthn:virtualAuthenticators: true}
Element: [[[[[[ChromeDriver: chrome on WINDOWS (0bc37fe2828d5ba09c097d2a32f2c67f)] -> xpath: //*[text()='In Use?']]] -> xpath: ./..]] -> xpath: ./div[2]/div[1]/div[1]/span[1]]
Session ID: 0bc37fe2828d5ba09c097d2a32f2c67f
at org.openqa.selenium.remote.codec.w3c.W3CHttpResponseCodec.createException(W3CHttpResponseCodec.java:200)
at org.openqa.selenium.remote.codec.w3c.W3CHttpResponseCodec.decode(W3CHttpResponseCodec.java:133)
at org.openqa.selenium.remote.codec.w3c.W3CHttpResponseCodec.decode(W3CHttpResponseCodec.java:53)
at org.openqa.selenium.remote.HttpCommandExecutor.execute(HttpCommandExecutor.java:184)
at org.openqa.selenium.remote.service.DriverCommandExecutor.invokeExecute(DriverCommandExecutor.java:164)
at org.openqa.selenium.remote.service.DriverCommandExecutor.execute(DriverCommandExecutor.java:139)
at org.openqa.selenium.remote.RemoteWebDriver.execute(RemoteWebDriver.java:559)
at org.openqa.selenium.remote.RemoteWebElement.execute(RemoteWebElement.java:251)
at org.openqa.selenium.remote.RemoteWebElement.click(RemoteWebElement.java:77)
at DPManage.ShiftCatalog.mainShiftCatalog(ShiftCatalog.java:289)
at java.base/java.util.ArrayList.forEach(ArrayList.java:1511)
... Removed 32 stack frames]]>
    </failure>
  </testcase> <!-- mainShiftCatalog -->
</testsuite> <!-- DashTest -->
