<?xml version="1.0" encoding="UTF-8"?>
<!-- Generated by org.testng.reporters.JUnitXMLReporter -->
<testsuite ignored="0" hostname="GMC16381" failures="0" tests="9" name="DashTest" time="3140.117" errors="0" timestamp="2022-07-06T14:26:43 CDT">
  <testcase classname="Dash.clockInToDashboardReservedStation" name="mainClockInToDashboardReservedStation" time="135.253"/>
  <testcase classname="Dash.clockInAssignToHistoricalStation" name="mainClockInAssignToHistoricalStation" time="151.838"/>
  <testcase classname="Dash.ClockinAMSLineOperators" name="mainClockinAMSLineOperators" time="324.121"/>
  <testcase classname="Dash.ReleaseMTNLAssignToStation" name="mainReleaseMTNLAssignToStation" time="297.694"/>
  <testcase classname="Dash.DragAndDrop" name="mainDragAndDrop" time="512.969"/>
  <testcase classname="Dash.checkDuplication" name="mainCheckDuplication" time="38.837"/>
  <testcase classname="Dash.ClockOutFromDashaboardStation" name="mainClockOutFromDashaboardStation" time="136.088"/>
  <testcase classname="Dash.ClockOutFromUnassignedPanel" name="mainClockOutFromUnassignedPanel" time="116.248"/>
  <testcase classname="Dash.ReleaseAndSentHome" name="mainReleaseAndSentHome" time="1426.998"/>
</testsuite> <!-- DashTest -->
