<?xml version="1.0" encoding="UTF-8"?>
<!-- Generated by org.testng.reporters.JUnitXMLReporter -->
<testsuite ignored="0" hostname="GMC16381" failures="1" tests="9" name="DashTest" time="3334.982" errors="0" timestamp="2022-06-22T16:19:24 CDT">
  <testcase classname="Dash.clockInToDashboardReservedStation" name="mainClockInToDashboardReservedStation" time="167.73"/>
  <testcase classname="Dash.clockInAssignToHistoricalStation" name="mainClockInAssignToHistoricalStation" time="145.227">
    <failure type="com.microsoft.sqlserver.jdbc.SQLServerException" message="The result set has no current row.">
      <![CDATA[com.microsoft.sqlserver.jdbc.SQLServerException: The result set has no current row.
at com.microsoft.sqlserver.jdbc.SQLServerException.makeFromDriverError(SQLServerException.java:237)
at com.microsoft.sqlserver.jdbc.SQLServerResultSet.verifyResultSetHasCurrentRow(SQLServerResultSet.java:567)
at com.microsoft.sqlserver.jdbc.SQLServerResultSet.getterGetColumn(SQLServerResultSet.java:2050)
at com.microsoft.sqlserver.jdbc.SQLServerResultSet.getValue(SQLServerResultSet.java:2081)
at com.microsoft.sqlserver.jdbc.SQLServerResultSet.getValue(SQLServerResultSet.java:2067)
at com.microsoft.sqlserver.jdbc.SQLServerResultSet.getString(SQLServerResultSet.java:2552)
at Dash.clockInAssignToHistoricalStation.mainClockInAssignToHistoricalStation(clockInAssignToHistoricalStation.java:217)
at java.base/java.util.ArrayList.forEach(ArrayList.java:1511)
... Removed 27 stack frames]]>
    </failure>
  </testcase> <!-- mainClockInAssignToHistoricalStation -->
  <testcase classname="Dash.ClockinAMSLineOperators" name="mainClockinAMSLineOperators" time="465.875"/>
  <testcase classname="Dash.ReleaseMTNLAssignToStation" name="mainReleaseMTNLAssignToStation" time="282.738"/>
  <testcase classname="Dash.DragAndDrop" name="mainDragAndDrop" time="572.763"/>
  <testcase classname="Dash.checkDuplication" name="mainCheckDuplication" time="38.606"/>
  <testcase classname="Dash.ClockOutFromDashaboardStation" name="mainClockOutFromDashaboardStation" time="134.337"/>
  <testcase classname="Dash.ClockOutFromUnassignedPanel" name="mainClockOutFromUnassignedPanel" time="113.966"/>
  <testcase classname="Dash.ReleaseAndSentHome" name="mainReleaseAndSentHome" time="1413.664"/>
</testsuite> <!-- DashTest -->
