<?xml version="1.0" encoding="UTF-8"?>
<!-- Generated by org.testng.reporters.JUnitXMLReporter -->
<testsuite ignored="0" hostname="GMC16381" failures="0" tests="4" name="DependentOnCreateClass" time="131.113" errors="0" timestamp="2022-02-25T11:46:06 CST">
  <testcase classname="Digi.CreateClassAndEditGrade" name="mainCreateClassAndEditGrade" time="40.168"/>
  <testcase classname="Digi.ClassDataAndEditClass" name="mainClassDataAndEditClass" time="44.351"/>
  <testcase classname="Digi.OperatorReport" name="mainOperatorReport" time="23.859"/>
  <testcase classname="Digi.SkillsAndCurriculumReports" name="mainSkillsAndCurriculumReports" time="22.687"/>
</testsuite> <!-- DependentOnCreateClass -->
