<?xml version="1.0" encoding="UTF-8"?>
<!-- Generated by org.testng.reporters.JUnitXMLReporter -->
<testsuite ignored="0" hostname="GMC16381" failures="0" tests="3" name="DependentOnManageStation" time="262.101" errors="0" timestamp="2022-09-29T14:34:48 CDT">
  <testcase classname="Digi.ManageStation" name="mainManageStation" time="163.64"/>
  <testcase classname="Digi.stationSequencing" name="mainstationSequencing" time="54.227"/>
  <testcase classname="Digi.OrganizationDashboardIcon" name="mainOrganizationDashboardIcon" time="44.194"/>
</testsuite> <!-- DependentOnManageStation -->
