<?xml version="1.0" encoding="UTF-8"?>
<!-- Generated by org.testng.reporters.JUnitXMLReporter -->
<testsuite ignored="0" hostname="GMC16381" failures="0" tests="4" name="DependentOnCreateClass" time="161.027" errors="0" timestamp="2022-09-29T14:28:50 CDT">
  <testcase classname="Digi.CreateClassAndEditGrade" name="mainCreateClassAndEditGrade" time="50.861"/>
  <testcase classname="Digi.ClassDataAndEditClass" name="mainClassDataAndEditClass" time="52.55"/>
  <testcase classname="Digi.OperatorReport" name="mainOperatorReport" time="30.998"/>
  <testcase classname="Digi.SkillsAndCurriculumReports" name="mainSkillsAndCurriculumReports" time="26.556"/>
</testsuite> <!-- DependentOnCreateClass -->
