<?xml version="1.0" encoding="UTF-8"?>
<!-- Generated by org.testng.reporters.JUnitXMLReporter -->
<testsuite ignored="0" hostname="GMC16381" failures="0" tests="3" name="DependentOnManageStation" time="245.347" errors="0" timestamp="2022-02-25T11:50:37 CST">
  <testcase classname="Digi.ManageStation" name="mainManageStation" time="149.543"/>
  <testcase classname="Digi.stationSequencing" name="mainstationSequencing" time="54.538"/>
  <testcase classname="Digi.OrganizationDashboardIcon" name="mainOrganizationDashboardIcon" time="41.222"/>
</testsuite> <!-- DependentOnManageStation -->
