<?xml version="1.0" encoding="UTF-8"?>
<!-- Generated by org.testng.reporters.JUnitXMLReporter -->
<testsuite ignored="0" hostname="GMC16381" failures="0" tests="10" name="IndependetTest" time="375.899" errors="0" timestamp="2022-02-25T11:43:03 CST">
  <testcase classname="Digi.RegisterNewOperator" name="mainRegisterNewOperator" time="27.431"/>
  <testcase classname="Digi.ManageOperators" name="mainManageOperators" time="26.799"/>
  <testcase classname="Digi.RegisterTrainer" name="mainRegisterTrainer" time="25.732"/>
  <testcase classname="Digi.DefineSkillsAndCurriculum" name="mainDefineSkillsAndCurriculum" time="30.485"/>
  <testcase classname="Digi.OperatorTypes" name="mainOperatorTypes" time="34.921"/>
  <testcase classname="Digi.SkillOperatorType" name="mainSkillOperatorType" time="38.795"/>
  <testcase classname="Digi.ScoreMetrics" name="mainScoreMetrics" time="43.951"/>
  <testcase classname="Digi.OrganizationManagement" name="mainOrganizationManagement" time="72.368"/>
  <testcase classname="Digi.SetFinanceGroup" name="mainSetFinanceGroup" time="58.93"/>
  <testcase classname="Digi.ManagementDetailedReport" name="mainManagementDetailedReport" time="16.424"/>
</testsuite> <!-- IndependetTest -->
